d a v i d 
d a v d i 
d a i v d 
d a i d v 
d a d v i 
d a d i v 
d v a i d 
d v a d i 
d v i a d 
d v i d a 
d v d a i 
d v d i a 
d i a v d 
d i a d v 
d i v a d 
d i v d a 
d i d a v 
d i d v a 
d d a v i 
d d a i v 
d d v a i 
d d v i a 
d d i a v 
d d i v a 
a d v i d 
a d v d i 
a d i v d 
a d i d v 
a d d v i 
a d d i v 
a v d i d 
a v d d i 
a v i d d 
a v i d d 
a v d d i 
a v d i d 
a i d v d 
a i d d v 
a i v d d 
a i v d d 
a i d d v 
a i d v d 
a d d v i 
a d d i v 
a d v d i 
a d v i d 
a d i d v 
a d i v d 
v d a i d 
v d a d i 
v d i a d 
v d i d a 
v d d a i 
v d d i a 
v a d i d 
v a d d i 
v a i d d 
v a i d d 
v a d d i 
v a d i d 
v i d a d 
v i d d a 
v i a d d 
v i a d d 
v i d d a 
v i d a d 
v d d a i 
v d d i a 
v d a d i 
v d a i d 
v d i d a 
v d i a d 
i d a v d 
i d a d v 
i d v a d 
i d v d a 
i d d a v 
i d d v a 
i a d v d 
i a d d v 
i a v d d 
i a v d d 
i a d d v 
i a d v d 
i v d a d 
i v d d a 
i v a d d 
i v a d d 
i v d d a 
i v d a d 
i d d a v 
i d d v a 
i d a d v 
i d a v d 
i d v d a 
i d v a d 
d d a v i 
d d a i v 
d d v a i 
d d v i a 
d d i a v 
d d i v a 
d a d v i 
d a d i v 
d a v d i 
d a v i d 
d a i d v 
d a i v d 
d v d a i 
d v d i a 
d v a d i 
d v a i d 
d v i d a 
d v i a d 
d i d a v 
d i d v a 
d i a d v 
d i a v d 
d i v d a 
d i v a d 

120